Determining if the pthread_create exist failed with the following output:
Change Dir: /home/romesc/WRK/weight_express/build/ada_description/CMakeFiles/CMakeTmp

Run Build Command:/usr/bin/make "cmTryCompileExec2734278617/fast"
/usr/bin/make -f CMakeFiles/cmTryCompileExec2734278617.dir/build.make CMakeFiles/cmTryCompileExec2734278617.dir/build
make[1]: Entering directory `/home/romesc/WRK/weight_express/build/ada_description/CMakeFiles/CMakeTmp'
/usr/bin/cmake -E cmake_progress_report /home/romesc/WRK/weight_express/build/ada_description/CMakeFiles/CMakeTmp/CMakeFiles 1
Building C object CMakeFiles/cmTryCompileExec2734278617.dir/CheckSymbolExists.c.o
/usr/bin/cc    -o CMakeFiles/cmTryCompileExec2734278617.dir/CheckSymbolExists.c.o   -c /home/romesc/WRK/weight_express/build/ada_description/CMakeFiles/CMakeTmp/CheckSymbolExists.c
Linking C executable cmTryCompileExec2734278617
/usr/bin/cmake -E cmake_link_script CMakeFiles/cmTryCompileExec2734278617.dir/link.txt --verbose=1
/usr/bin/cc       CMakeFiles/cmTryCompileExec2734278617.dir/CheckSymbolExists.c.o  -o cmTryCompileExec2734278617 -rdynamic 
CMakeFiles/cmTryCompileExec2734278617.dir/CheckSymbolExists.c.o: In function `main':
CheckSymbolExists.c:(.text+0x16): undefined reference to `pthread_create'
collect2: error: ld returned 1 exit status
make[1]: *** [cmTryCompileExec2734278617] Error 1
make[1]: Leaving directory `/home/romesc/WRK/weight_express/build/ada_description/CMakeFiles/CMakeTmp'
make: *** [cmTryCompileExec2734278617/fast] Error 2

File /home/romesc/WRK/weight_express/build/ada_description/CMakeFiles/CMakeTmp/CheckSymbolExists.c:
/* */
#include <pthread.h>

int main(int argc, char** argv)
{
  (void)argv;
#ifndef pthread_create
  return ((int*)(&pthread_create))[argc];
#else
  (void)argc;
  return 0;
#endif
}

Determining if the function pthread_create exists in the pthreads failed with the following output:
Change Dir: /home/romesc/WRK/weight_express/build/ada_description/CMakeFiles/CMakeTmp

Run Build Command:/usr/bin/make "cmTryCompileExec937464182/fast"
/usr/bin/make -f CMakeFiles/cmTryCompileExec937464182.dir/build.make CMakeFiles/cmTryCompileExec937464182.dir/build
make[1]: Entering directory `/home/romesc/WRK/weight_express/build/ada_description/CMakeFiles/CMakeTmp'
/usr/bin/cmake -E cmake_progress_report /home/romesc/WRK/weight_express/build/ada_description/CMakeFiles/CMakeTmp/CMakeFiles 1
Building C object CMakeFiles/cmTryCompileExec937464182.dir/CheckFunctionExists.c.o
/usr/bin/cc   -DCHECK_FUNCTION_EXISTS=pthread_create   -o CMakeFiles/cmTryCompileExec937464182.dir/CheckFunctionExists.c.o   -c /usr/share/cmake-2.8/Modules/CheckFunctionExists.c
Linking C executable cmTryCompileExec937464182
/usr/bin/cmake -E cmake_link_script CMakeFiles/cmTryCompileExec937464182.dir/link.txt --verbose=1
/usr/bin/cc   -DCHECK_FUNCTION_EXISTS=pthread_create    CMakeFiles/cmTryCompileExec937464182.dir/CheckFunctionExists.c.o  -o cmTryCompileExec937464182 -rdynamic -lpthreads 
/usr/bin/ld: cannot find -lpthreads
collect2: error: ld returned 1 exit status
make[1]: Leaving directory `/home/romesc/WRK/weight_express/build/ada_description/CMakeFiles/CMakeTmp'
make[1]: *** [cmTryCompileExec937464182] Error 1
make: *** [cmTryCompileExec937464182/fast] Error 2


