Determining if the pthread_create exist failed with the following output:
Change Dir: /home/romesc/WRK/weight_express/build/experiment_scripts/CMakeFiles/CMakeTmp

Run Build Command:/usr/bin/make "cmTryCompileExec483046338/fast"
/usr/bin/make -f CMakeFiles/cmTryCompileExec483046338.dir/build.make CMakeFiles/cmTryCompileExec483046338.dir/build
make[1]: Entering directory `/home/romesc/WRK/weight_express/build/experiment_scripts/CMakeFiles/CMakeTmp'
/usr/bin/cmake -E cmake_progress_report /home/romesc/WRK/weight_express/build/experiment_scripts/CMakeFiles/CMakeTmp/CMakeFiles 1
Building C object CMakeFiles/cmTryCompileExec483046338.dir/CheckSymbolExists.c.o
/usr/bin/cc    -o CMakeFiles/cmTryCompileExec483046338.dir/CheckSymbolExists.c.o   -c /home/romesc/WRK/weight_express/build/experiment_scripts/CMakeFiles/CMakeTmp/CheckSymbolExists.c
Linking C executable cmTryCompileExec483046338
/usr/bin/cmake -E cmake_link_script CMakeFiles/cmTryCompileExec483046338.dir/link.txt --verbose=1
/usr/bin/cc       CMakeFiles/cmTryCompileExec483046338.dir/CheckSymbolExists.c.o  -o cmTryCompileExec483046338 -rdynamic 
CMakeFiles/cmTryCompileExec483046338.dir/CheckSymbolExists.c.o: In function `main':
CheckSymbolExists.c:(.text+0x16): undefined reference to `pthread_create'
collect2: error: ld returned 1 exit status
make[1]: Leaving directory `/home/romesc/WRK/weight_express/build/experiment_scripts/CMakeFiles/CMakeTmp'
make[1]: *** [cmTryCompileExec483046338] Error 1
make: *** [cmTryCompileExec483046338/fast] Error 2

File /home/romesc/WRK/weight_express/build/experiment_scripts/CMakeFiles/CMakeTmp/CheckSymbolExists.c:
/* */
#include <pthread.h>

int main(int argc, char** argv)
{
  (void)argv;
#ifndef pthread_create
  return ((int*)(&pthread_create))[argc];
#else
  (void)argc;
  return 0;
#endif
}

Determining if the function pthread_create exists in the pthreads failed with the following output:
Change Dir: /home/romesc/WRK/weight_express/build/experiment_scripts/CMakeFiles/CMakeTmp

Run Build Command:/usr/bin/make "cmTryCompileExec598017867/fast"
/usr/bin/make -f CMakeFiles/cmTryCompileExec598017867.dir/build.make CMakeFiles/cmTryCompileExec598017867.dir/build
make[1]: Entering directory `/home/romesc/WRK/weight_express/build/experiment_scripts/CMakeFiles/CMakeTmp'
/usr/bin/cmake -E cmake_progress_report /home/romesc/WRK/weight_express/build/experiment_scripts/CMakeFiles/CMakeTmp/CMakeFiles 1
Building C object CMakeFiles/cmTryCompileExec598017867.dir/CheckFunctionExists.c.o
/usr/bin/cc   -DCHECK_FUNCTION_EXISTS=pthread_create   -o CMakeFiles/cmTryCompileExec598017867.dir/CheckFunctionExists.c.o   -c /usr/share/cmake-2.8/Modules/CheckFunctionExists.c
Linking C executable cmTryCompileExec598017867
/usr/bin/cmake -E cmake_link_script CMakeFiles/cmTryCompileExec598017867.dir/link.txt --verbose=1
/usr/bin/cc   -DCHECK_FUNCTION_EXISTS=pthread_create    CMakeFiles/cmTryCompileExec598017867.dir/CheckFunctionExists.c.o  -o cmTryCompileExec598017867 -rdynamic -lpthreads 
/usr/bin/ld: cannot find -lpthreads
collect2: error: ld returned 1 exit status
make[1]: *** [cmTryCompileExec598017867] Error 1
make[1]: Leaving directory `/home/romesc/WRK/weight_express/build/experiment_scripts/CMakeFiles/CMakeTmp'
make: *** [cmTryCompileExec598017867/fast] Error 2


