Determining if the pthread_create exist failed with the following output:
Change Dir: /home/romesc/WRK/weight_express/build/adapy/CMakeFiles/CMakeTmp

Run Build Command:/usr/bin/make "cmTryCompileExec1027578043/fast"
/usr/bin/make -f CMakeFiles/cmTryCompileExec1027578043.dir/build.make CMakeFiles/cmTryCompileExec1027578043.dir/build
make[1]: Entering directory `/home/romesc/WRK/weight_express/build/adapy/CMakeFiles/CMakeTmp'
/usr/bin/cmake -E cmake_progress_report /home/romesc/WRK/weight_express/build/adapy/CMakeFiles/CMakeTmp/CMakeFiles 1
Building C object CMakeFiles/cmTryCompileExec1027578043.dir/CheckSymbolExists.c.o
/usr/bin/cc    -o CMakeFiles/cmTryCompileExec1027578043.dir/CheckSymbolExists.c.o   -c /home/romesc/WRK/weight_express/build/adapy/CMakeFiles/CMakeTmp/CheckSymbolExists.c
Linking C executable cmTryCompileExec1027578043
/usr/bin/cmake -E cmake_link_script CMakeFiles/cmTryCompileExec1027578043.dir/link.txt --verbose=1
/usr/bin/cc       CMakeFiles/cmTryCompileExec1027578043.dir/CheckSymbolExists.c.o  -o cmTryCompileExec1027578043 -rdynamic 
CMakeFiles/cmTryCompileExec1027578043.dir/CheckSymbolExists.c.o: In function `main':
CheckSymbolExists.c:(.text+0x16): undefined reference to `pthread_create'
collect2: error: ld returned 1 exit status
make[1]: Leaving directory `/home/romesc/WRK/weight_express/build/adapy/CMakeFiles/CMakeTmp'
make[1]: *** [cmTryCompileExec1027578043] Error 1
make: *** [cmTryCompileExec1027578043/fast] Error 2

File /home/romesc/WRK/weight_express/build/adapy/CMakeFiles/CMakeTmp/CheckSymbolExists.c:
/* */
#include <pthread.h>

int main(int argc, char** argv)
{
  (void)argv;
#ifndef pthread_create
  return ((int*)(&pthread_create))[argc];
#else
  (void)argc;
  return 0;
#endif
}

Determining if the function pthread_create exists in the pthreads failed with the following output:
Change Dir: /home/romesc/WRK/weight_express/build/adapy/CMakeFiles/CMakeTmp

Run Build Command:/usr/bin/make "cmTryCompileExec135535105/fast"
/usr/bin/make -f CMakeFiles/cmTryCompileExec135535105.dir/build.make CMakeFiles/cmTryCompileExec135535105.dir/build
make[1]: Entering directory `/home/romesc/WRK/weight_express/build/adapy/CMakeFiles/CMakeTmp'
/usr/bin/cmake -E cmake_progress_report /home/romesc/WRK/weight_express/build/adapy/CMakeFiles/CMakeTmp/CMakeFiles 1
Building C object CMakeFiles/cmTryCompileExec135535105.dir/CheckFunctionExists.c.o
/usr/bin/cc   -DCHECK_FUNCTION_EXISTS=pthread_create   -o CMakeFiles/cmTryCompileExec135535105.dir/CheckFunctionExists.c.o   -c /usr/share/cmake-2.8/Modules/CheckFunctionExists.c
Linking C executable cmTryCompileExec135535105
/usr/bin/cmake -E cmake_link_script CMakeFiles/cmTryCompileExec135535105.dir/link.txt --verbose=1
/usr/bin/cc   -DCHECK_FUNCTION_EXISTS=pthread_create    CMakeFiles/cmTryCompileExec135535105.dir/CheckFunctionExists.c.o  -o cmTryCompileExec135535105 -rdynamic -lpthreads 
/usr/bin/ld: cannot find -lpthreads
collect2: error: ld returned 1 exit status
make[1]: Leaving directory `/home/romesc/WRK/weight_express/build/adapy/CMakeFiles/CMakeTmp'
make[1]: *** [cmTryCompileExec135535105] Error 1
make: *** [cmTryCompileExec135535105/fast] Error 2


