Determining if the pthread_create exist failed with the following output:
Change Dir: /home/romesc/WRK/weight_express/build/ada_launch/CMakeFiles/CMakeTmp

Run Build Command:/usr/bin/make "cmTryCompileExec1557784603/fast"
/usr/bin/make -f CMakeFiles/cmTryCompileExec1557784603.dir/build.make CMakeFiles/cmTryCompileExec1557784603.dir/build
make[1]: Entering directory `/home/romesc/WRK/weight_express/build/ada_launch/CMakeFiles/CMakeTmp'
/usr/bin/cmake -E cmake_progress_report /home/romesc/WRK/weight_express/build/ada_launch/CMakeFiles/CMakeTmp/CMakeFiles 1
Building C object CMakeFiles/cmTryCompileExec1557784603.dir/CheckSymbolExists.c.o
/usr/bin/cc    -o CMakeFiles/cmTryCompileExec1557784603.dir/CheckSymbolExists.c.o   -c /home/romesc/WRK/weight_express/build/ada_launch/CMakeFiles/CMakeTmp/CheckSymbolExists.c
Linking C executable cmTryCompileExec1557784603
/usr/bin/cmake -E cmake_link_script CMakeFiles/cmTryCompileExec1557784603.dir/link.txt --verbose=1
/usr/bin/cc       CMakeFiles/cmTryCompileExec1557784603.dir/CheckSymbolExists.c.o  -o cmTryCompileExec1557784603 -rdynamic 
CMakeFiles/cmTryCompileExec1557784603.dir/CheckSymbolExists.c.o: In function `main':
CheckSymbolExists.c:(.text+0x16): undefined reference to `pthread_create'
collect2: error: ld returned 1 exit status
make[1]: Leaving directory `/home/romesc/WRK/weight_express/build/ada_launch/CMakeFiles/CMakeTmp'
make[1]: *** [cmTryCompileExec1557784603] Error 1
make: *** [cmTryCompileExec1557784603/fast] Error 2

File /home/romesc/WRK/weight_express/build/ada_launch/CMakeFiles/CMakeTmp/CheckSymbolExists.c:
/* */
#include <pthread.h>

int main(int argc, char** argv)
{
  (void)argv;
#ifndef pthread_create
  return ((int*)(&pthread_create))[argc];
#else
  (void)argc;
  return 0;
#endif
}

Determining if the function pthread_create exists in the pthreads failed with the following output:
Change Dir: /home/romesc/WRK/weight_express/build/ada_launch/CMakeFiles/CMakeTmp

Run Build Command:/usr/bin/make "cmTryCompileExec2367624626/fast"
/usr/bin/make -f CMakeFiles/cmTryCompileExec2367624626.dir/build.make CMakeFiles/cmTryCompileExec2367624626.dir/build
make[1]: Entering directory `/home/romesc/WRK/weight_express/build/ada_launch/CMakeFiles/CMakeTmp'
/usr/bin/cmake -E cmake_progress_report /home/romesc/WRK/weight_express/build/ada_launch/CMakeFiles/CMakeTmp/CMakeFiles 1
Building C object CMakeFiles/cmTryCompileExec2367624626.dir/CheckFunctionExists.c.o
/usr/bin/cc   -DCHECK_FUNCTION_EXISTS=pthread_create   -o CMakeFiles/cmTryCompileExec2367624626.dir/CheckFunctionExists.c.o   -c /usr/share/cmake-2.8/Modules/CheckFunctionExists.c
Linking C executable cmTryCompileExec2367624626
/usr/bin/cmake -E cmake_link_script CMakeFiles/cmTryCompileExec2367624626.dir/link.txt --verbose=1
/usr/bin/cc   -DCHECK_FUNCTION_EXISTS=pthread_create    CMakeFiles/cmTryCompileExec2367624626.dir/CheckFunctionExists.c.o  -o cmTryCompileExec2367624626 -rdynamic -lpthreads 
/usr/bin/ld: cannot find -lpthreads
collect2: error: ld returned 1 exit status
make[1]: *** [cmTryCompileExec2367624626] Error 1
make[1]: Leaving directory `/home/romesc/WRK/weight_express/build/ada_launch/CMakeFiles/CMakeTmp'
make: *** [cmTryCompileExec2367624626/fast] Error 2


