Determining if the pthread_create exist failed with the following output:
Change Dir: /home/romesc/WRK/weight_express/build/generalik/CMakeFiles/CMakeTmp

Run Build Command:/usr/bin/make "cmTryCompileExec165161562/fast"
/usr/bin/make -f CMakeFiles/cmTryCompileExec165161562.dir/build.make CMakeFiles/cmTryCompileExec165161562.dir/build
make[1]: Entering directory `/home/romesc/WRK/weight_express/build/generalik/CMakeFiles/CMakeTmp'
/usr/bin/cmake -E cmake_progress_report /home/romesc/WRK/weight_express/build/generalik/CMakeFiles/CMakeTmp/CMakeFiles 1
Building C object CMakeFiles/cmTryCompileExec165161562.dir/CheckSymbolExists.c.o
/usr/bin/cc    -o CMakeFiles/cmTryCompileExec165161562.dir/CheckSymbolExists.c.o   -c /home/romesc/WRK/weight_express/build/generalik/CMakeFiles/CMakeTmp/CheckSymbolExists.c
Linking C executable cmTryCompileExec165161562
/usr/bin/cmake -E cmake_link_script CMakeFiles/cmTryCompileExec165161562.dir/link.txt --verbose=1
/usr/bin/cc       CMakeFiles/cmTryCompileExec165161562.dir/CheckSymbolExists.c.o  -o cmTryCompileExec165161562 -rdynamic 
CMakeFiles/cmTryCompileExec165161562.dir/CheckSymbolExists.c.o: In function `main':
CheckSymbolExists.c:(.text+0x16): undefined reference to `pthread_create'
collect2: error: ld returned 1 exit status
make[1]: *** [cmTryCompileExec165161562] Error 1
make[1]: Leaving directory `/home/romesc/WRK/weight_express/build/generalik/CMakeFiles/CMakeTmp'
make: *** [cmTryCompileExec165161562/fast] Error 2

File /home/romesc/WRK/weight_express/build/generalik/CMakeFiles/CMakeTmp/CheckSymbolExists.c:
/* */
#include <pthread.h>

int main(int argc, char** argv)
{
  (void)argv;
#ifndef pthread_create
  return ((int*)(&pthread_create))[argc];
#else
  (void)argc;
  return 0;
#endif
}

Determining if the function pthread_create exists in the pthreads failed with the following output:
Change Dir: /home/romesc/WRK/weight_express/build/generalik/CMakeFiles/CMakeTmp

Run Build Command:/usr/bin/make "cmTryCompileExec2505250908/fast"
/usr/bin/make -f CMakeFiles/cmTryCompileExec2505250908.dir/build.make CMakeFiles/cmTryCompileExec2505250908.dir/build
make[1]: Entering directory `/home/romesc/WRK/weight_express/build/generalik/CMakeFiles/CMakeTmp'
/usr/bin/cmake -E cmake_progress_report /home/romesc/WRK/weight_express/build/generalik/CMakeFiles/CMakeTmp/CMakeFiles 1
Building C object CMakeFiles/cmTryCompileExec2505250908.dir/CheckFunctionExists.c.o
/usr/bin/cc   -DCHECK_FUNCTION_EXISTS=pthread_create   -o CMakeFiles/cmTryCompileExec2505250908.dir/CheckFunctionExists.c.o   -c /usr/share/cmake-2.8/Modules/CheckFunctionExists.c
Linking C executable cmTryCompileExec2505250908
/usr/bin/cmake -E cmake_link_script CMakeFiles/cmTryCompileExec2505250908.dir/link.txt --verbose=1
/usr/bin/cc   -DCHECK_FUNCTION_EXISTS=pthread_create    CMakeFiles/cmTryCompileExec2505250908.dir/CheckFunctionExists.c.o  -o cmTryCompileExec2505250908 -rdynamic -lpthreads 
/usr/bin/ld: cannot find -lpthreads
collect2: error: ld returned 1 exit status
make[1]: *** [cmTryCompileExec2505250908] Error 1
make[1]: Leaving directory `/home/romesc/WRK/weight_express/build/generalik/CMakeFiles/CMakeTmp'
make: *** [cmTryCompileExec2505250908/fast] Error 2


